2025-03-11 19:34:02,980 - main - INFO - Logger initialized for experiment: main
2025-03-11 19:34:02,980 - main - INFO - Démarrage de la plateforme LidarLLM
2025-03-11 19:34:02,980 - main - INFO - Chargement et préparation des données
2025-03-11 19:34:03,009 - main - INFO - Initialisation du modèle
2025-03-11 19:34:05,203 - main - INFO - Génération de prédictions
2025-03-11 19:58:42,899 - main - INFO - Logger initialized for experiment: main
2025-03-11 19:58:42,899 - main - INFO - Démarrage de la plateforme LidarLLM
2025-03-11 19:58:42,899 - main - INFO - Chargement et préparation des données
2025-03-11 19:58:42,932 - main - INFO - Initialisation du modèle
2025-03-11 19:58:44,306 - main - INFO - Génération de prédictions
2025-03-11 20:02:02,922 - main - INFO - Logger initialized for experiment: main
2025-03-11 20:02:02,923 - main - INFO - Démarrage de la plateforme LidarLLM
2025-03-11 20:02:02,923 - main - INFO - Chargement et préparation des données
2025-03-11 20:02:02,954 - main - INFO - Initialisation du modèle
2025-03-11 20:02:04,242 - main - INFO - Génération de prédictions
2025-03-11 20:04:19,167 - main - INFO - Logger initialized for experiment: main
2025-03-11 20:04:19,167 - main - INFO - Démarrage de la plateforme LidarLLM
2025-03-11 20:04:19,167 - main - INFO - Chargement et préparation des données
2025-03-11 20:04:19,202 - main - INFO - Initialisation du modèle
2025-03-11 20:04:20,462 - main - INFO - Génération de prédictions
2025-03-11 20:05:35,743 - main - INFO - Logger initialized for experiment: main
2025-03-11 20:05:35,743 - main - INFO - Démarrage de la plateforme LidarLLM
2025-03-11 20:05:35,744 - main - INFO - Chargement et préparation des données
2025-03-11 20:05:35,764 - main - INFO - Initialisation du modèle
2025-03-11 20:05:37,117 - main - INFO - Génération de prédictions
2025-03-11 20:07:12,756 - main - INFO - Logger initialized for experiment: main
2025-03-11 20:07:12,757 - main - INFO - Démarrage de la plateforme LidarLLM
2025-03-11 20:07:12,757 - main - INFO - Chargement et préparation des données
2025-03-11 20:07:12,786 - main - INFO - Initialisation du modèle
2025-03-11 20:07:14,103 - main - INFO - Génération de prédictions
2025-03-11 20:08:09,323 - main - INFO - Logger initialized for experiment: main
2025-03-11 20:08:09,324 - main - INFO - Démarrage de la plateforme LidarLLM
2025-03-11 20:08:09,324 - main - INFO - Chargement et préparation des données
2025-03-11 20:08:09,341 - main - INFO - Initialisation du modèle
2025-03-11 20:08:10,643 - main - INFO - Génération de prédictions
2025-03-11 20:08:26,451 - main - INFO - Logger initialized for experiment: main
2025-03-11 20:08:26,451 - main - INFO - Démarrage de la plateforme LidarLLM
2025-03-11 20:08:26,451 - main - INFO - Chargement et préparation des données
2025-03-11 20:08:26,468 - main - INFO - Initialisation du modèle
2025-03-11 20:08:29,249 - main - INFO - Génération de prédictions
2025-03-11 20:09:13,934 - main - INFO - Logger initialized for experiment: main
2025-03-11 20:09:13,934 - main - INFO - Démarrage de la plateforme LidarLLM
2025-03-11 20:09:13,934 - main - INFO - Chargement et préparation des données
2025-03-11 20:09:13,952 - main - INFO - Initialisation du modèle
2025-03-11 20:09:15,245 - main - INFO - Génération de prédictions
2025-03-11 20:11:44,879 - main - INFO - Logger initialized for experiment: main
2025-03-11 20:11:44,879 - main - INFO - Démarrage de la plateforme LidarLLM
2025-03-11 20:11:44,879 - main - INFO - Chargement et préparation des données
2025-03-11 20:11:44,915 - main - INFO - Initialisation du modèle
2025-03-11 20:11:46,258 - main - INFO - Génération de prédictions
2025-03-11 20:28:58,709 - main - INFO - Logger initialized for experiment: main
2025-03-11 20:28:58,710 - main - INFO - Démarrage de la plateforme LidarLLM
2025-03-11 20:28:58,710 - main - INFO - Chargement et préparation des données
2025-03-11 20:28:58,750 - main - INFO - Initialisation du modèle
2025-03-11 20:29:00,083 - main - INFO - Génération de prédictions
2025-03-11 22:11:44,067 - main - INFO - Logger initialized for experiment: main
2025-03-11 22:11:44,067 - main - INFO - Démarrage de la plateforme LidarLLM
2025-03-11 22:11:44,067 - main - INFO - Chargement et préparation des données
2025-03-11 22:11:44,102 - main - INFO - Initialisation du modèle
2025-03-11 22:11:45,599 - main - INFO - Génération de prédictions
2025-03-11 22:12:38,202 - main - INFO - Logger initialized for experiment: main
2025-03-11 22:12:38,203 - main - INFO - Démarrage de la plateforme LidarLLM
2025-03-11 22:12:38,203 - main - INFO - Chargement et préparation des données
2025-03-11 22:12:38,228 - main - INFO - Initialisation du modèle
2025-03-11 22:12:39,456 - main - INFO - Génération de prédictions
2025-03-11 22:14:05,935 - main - INFO - Logger initialized for experiment: main
2025-03-11 22:14:05,935 - main - INFO - Démarrage de la plateforme LidarLLM
2025-03-11 22:14:05,935 - main - INFO - Chargement et préparation des données
2025-03-11 22:14:05,959 - main - INFO - Initialisation du modèle
2025-03-11 22:14:07,228 - main - INFO - Génération de prédictions
2025-03-11 22:14:56,539 - main - INFO - Logger initialized for experiment: main
2025-03-11 22:14:56,539 - main - INFO - Démarrage de la plateforme LidarLLM
2025-03-11 22:14:56,539 - main - INFO - Chargement et préparation des données
2025-03-11 22:14:56,561 - main - INFO - Initialisation du modèle
2025-03-11 22:14:57,770 - main - INFO - Génération de prédictions
2025-03-11 22:15:17,271 - main - INFO - Exécution terminée. Résultats sauvegardés dans outputs
2025-03-11 22:20:22,920 - main - INFO - Logger initialized for experiment: main
2025-03-11 22:20:22,921 - main - INFO - Démarrage de la plateforme LidarLLM
2025-03-11 22:20:22,921 - main - INFO - Chargement et préparation des données
2025-03-11 22:20:22,951 - main - INFO - Initialisation du modèle
2025-03-11 22:20:24,451 - main - INFO - Génération de prédictions
2025-03-11 22:20:43,580 - main - INFO - Exécution terminée. Résultats sauvegardés dans outputs
